[debug] ----------------------------------------------------------------------
[debug] Command:      /usr/local/Cellar/node/6.5.0/bin/node /usr/local/bin/firebase deploy
[debug] CLI Version:  3.0.8
[debug] Platform:     darwin
[debug] Node Version: v6.5.0
[debug] Time:         Mon Oct 10 2016 22:49:04 GMT-0500 (CDT)
[debug] ----------------------------------------------------------------------
[debug] 
[debug] > command requires scopes: ["email","openid","https://www.googleapis.com/auth/cloudplatformprojects.readonly","https://www.googleapis.com/auth/firebase"]
[debug] > refreshing access token with scopes: ["email","https://www.googleapis.com/auth/cloudplatformprojects.readonly","https://www.googleapis.com/auth/firebase","openid"]
[debug] >>> HTTP REQUEST POST https://www.googleapis.com/oauth2/v3/token
[debug] <<< HTTP RESPONSE 200
[debug] >>> HTTP REQUEST GET https://admin.firebase.com/v1/projects/hidalgo-f65ba 
[debug] <<< HTTP RESPONSE 200
[debug] >>> HTTP REQUEST GET https://admin.firebase.com/v1/database/hidalgo-f65ba/tokens 
[debug] <<< HTTP RESPONSE 200
[info] 
[info] === Deploying to 'hidalgo-f65ba'...
[info] 
[info] i  deploying database, hosting
[info] ✔  database: rules ready to deploy.
[info] i  hosting: preparing . directory for upload...
[debug] >>> HTTP REQUEST PUT https://deploy.firebase.com/v1/hosting/hidalgo-f65ba/uploads/-KTlqvg1N3iabf_ZXMSF?fileCount=718&message= 
[debug] ----------------------------------------------------------------------
[debug] Command:      /usr/local/Cellar/node/6.5.0/bin/node /usr/local/bin/firebase deploy
[debug] CLI Version:  3.0.8
[debug] Platform:     darwin
[debug] Node Version: v6.5.0
[debug] Time:         Mon Oct 10 2016 22:50:41 GMT-0500 (CDT)
[debug] ----------------------------------------------------------------------
[debug] 
[debug] > command requires scopes: ["email","openid","https://www.googleapis.com/auth/cloudplatformprojects.readonly","https://www.googleapis.com/auth/firebase"]
[debug] >>> HTTP REQUEST GET https://admin.firebase.com/v1/projects/hidalgo-f65ba 
[debug] <<< HTTP RESPONSE 200
[debug] >>> HTTP REQUEST GET https://admin.firebase.com/v1/database/hidalgo-f65ba/tokens 
[debug] <<< HTTP RESPONSE 200
[info] 
[info] === Deploying to 'hidalgo-f65ba'...
[info] 
[info] i  deploying database, hosting
[info] ✔  database: rules ready to deploy.
[info] i  hosting: preparing . directory for upload...
[debug] >>> HTTP REQUEST PUT https://deploy.firebase.com/v1/hosting/hidalgo-f65ba/uploads/-KTlrKrUg98uBKd5JXug?fileCount=718&message= 
[debug] ----------------------------------------------------------------------
[debug] Command:      /usr/local/Cellar/node/6.5.0/bin/node /usr/local/bin/firebase deploy
[debug] CLI Version:  3.0.8
[debug] Platform:     darwin
[debug] Node Version: v6.5.0
[debug] Time:         Mon Oct 10 2016 22:55:52 GMT-0500 (CDT)
[debug] ----------------------------------------------------------------------
[debug] 
[debug] > command requires scopes: ["email","openid","https://www.googleapis.com/auth/cloudplatformprojects.readonly","https://www.googleapis.com/auth/firebase"]
[debug] >>> HTTP REQUEST GET https://admin.firebase.com/v1/projects/hidalgo-f65ba 
[debug] <<< HTTP RESPONSE 200
[debug] >>> HTTP REQUEST GET https://admin.firebase.com/v1/database/hidalgo-f65ba/tokens 
[debug] <<< HTTP RESPONSE 200
[info] 
[info] === Deploying to 'hidalgo-f65ba'...
[info] 
[info] i  deploying database, hosting
[info] ✔  database: rules ready to deploy.
[info] i  hosting: preparing . directory for upload...
[debug] >>> HTTP REQUEST PUT https://deploy.firebase.com/v1/hosting/hidalgo-f65ba/uploads/-KTlsW4L1fc86vCwQYLm?fileCount=718&message= 
[debug] ----------------------------------------------------------------------
[debug] Command:      /usr/local/Cellar/node/6.5.0/bin/node /usr/local/bin/firebase deploy
[debug] CLI Version:  3.0.8
[debug] Platform:     darwin
[debug] Node Version: v6.5.0
[debug] Time:         Mon Oct 10 2016 22:59:04 GMT-0500 (CDT)
[debug] ----------------------------------------------------------------------
[debug] 
[debug] > command requires scopes: ["email","openid","https://www.googleapis.com/auth/cloudplatformprojects.readonly","https://www.googleapis.com/auth/firebase"]
[debug] >>> HTTP REQUEST GET https://admin.firebase.com/v1/projects/hidalgo-f65ba 
[debug] <<< HTTP RESPONSE 200
[debug] >>> HTTP REQUEST GET https://admin.firebase.com/v1/database/hidalgo-f65ba/tokens 
[debug] <<< HTTP RESPONSE 200
[info] 
[info] === Deploying to 'hidalgo-f65ba'...
[info] 
[info] i  deploying database, hosting
[info] ✔  database: rules ready to deploy.
[info] i  hosting: preparing . directory for upload...
[debug] >>> HTTP REQUEST PUT https://deploy.firebase.com/v1/hosting/hidalgo-f65ba/uploads/-KTltGLhjg07nhpikevE?fileCount=718&message= 
[debug] ----------------------------------------------------------------------
[debug] Command:      /usr/local/Cellar/node/6.5.0/bin/node /usr/local/bin/firebase deploy
[debug] CLI Version:  3.0.8
[debug] Platform:     darwin
[debug] Node Version: v6.5.0
[debug] Time:         Mon Oct 10 2016 23:01:03 GMT-0500 (CDT)
[debug] ----------------------------------------------------------------------
[debug] 
[debug] > command requires scopes: ["email","openid","https://www.googleapis.com/auth/cloudplatformprojects.readonly","https://www.googleapis.com/auth/firebase"]
[debug] >>> HTTP REQUEST GET https://admin.firebase.com/v1/projects/hidalgo-f65ba 
[debug] <<< HTTP RESPONSE 200
[debug] >>> HTTP REQUEST GET https://admin.firebase.com/v1/database/hidalgo-f65ba/tokens 
[debug] <<< HTTP RESPONSE 200
[info] 
[info] === Deploying to 'hidalgo-f65ba'...
[info] 
[info] i  deploying database, hosting
[info] ✔  database: rules ready to deploy.
[info] i  hosting: preparing . directory for upload...
[debug] >>> HTTP REQUEST PUT https://deploy.firebase.com/v1/hosting/hidalgo-f65ba/uploads/-KTlth45jLR1PP6HKXSo?fileCount=737&message= 
